2024-09-07 20:19:48,941 : INFO : test_login : starting test on the initial login
2024-09-08 13:18:31,772 : INFO : test_login : starting test on the initial login
2024-09-08 13:18:32,026 : INFO : test_login : logged in
2024-09-08 13:18:32,027 : INFO : test_login : now filtering products based on low to high(price)
2024-09-08 13:19:57,172 : INFO : test_login : starting test on the initial login
2024-09-08 13:19:57,431 : INFO : test_login : logged in
2024-09-08 13:19:57,431 : INFO : test_login : now filtering products based on low to high(price)
2024-09-08 13:25:21,407 : INFO : test_login : starting test on the initial login
2024-09-08 13:25:21,683 : INFO : test_login : logged in
2024-09-08 13:25:21,683 : INFO : test_login : now filtering products based on low to high(price)
2024-09-08 13:32:40,596 : INFO : test_login : starting test on the initial login
2024-09-08 13:32:40,846 : INFO : test_login : logged in
2024-09-08 13:32:40,846 : INFO : test_login : now filtering products based on low to high(price)
2024-09-08 17:08:11,007 : INFO : test_login : starting test on the initial login
2024-09-08 17:08:11,392 : INFO : test_login : logged in
2024-09-08 17:08:11,393 : INFO : test_login : now filtering products based on low to high(price)
2024-09-08 17:09:40,852 : INFO : test_login : starting test on the initial login
2024-09-08 17:09:41,086 : INFO : test_login : logged in
2024-09-08 17:09:41,088 : INFO : test_login : now filtering products based on low to high(price)
2024-09-08 17:10:28,772 : INFO : test_login : starting test on the initial login
2024-09-08 17:10:29,040 : INFO : test_login : logged in
2024-09-08 17:10:29,040 : INFO : test_login : now filtering products based on low to high(price)
2024-09-08 17:11:22,238 : INFO : test_login : starting test on the initial login
2024-09-08 17:11:22,524 : INFO : test_login : logged in
2024-09-08 17:11:22,524 : INFO : test_login : now filtering products based on low to high(price)
2024-09-08 17:12:34,206 : INFO : test_login : starting test on the initial login
2024-09-08 17:12:34,469 : INFO : test_login : logged in
2024-09-08 17:12:34,469 : INFO : test_login : now filtering products based on low to high(price)
2024-09-08 17:13:10,493 : INFO : test_login : starting test on the initial login
2024-09-08 17:13:10,757 : INFO : test_login : logged in
2024-09-08 17:13:10,758 : INFO : test_login : now filtering products based on low to high(price)
2024-09-08 17:15:35,366 : INFO : test_login : starting test on the initial login
2024-09-08 17:15:35,680 : INFO : test_login : logged in
2024-09-08 17:15:35,680 : INFO : test_login : now filtering products based on low to high(price)
2024-09-08 17:24:11,406 : INFO : test_login : starting test on the initial login
2024-09-08 17:24:11,660 : INFO : test_login : logged in
2024-09-08 17:24:11,660 : INFO : test_login : now filtering products based on low to high(price)
2024-09-08 17:29:40,573 : INFO : test_login : starting test on the initial login
2024-09-08 17:29:40,843 : INFO : test_login : logged in
2024-09-08 17:29:40,843 : INFO : test_login : now filtering products based on low to high(price)
2024-09-08 17:29:40,924 : INFO : test_login : adding product 1
2024-09-08 17:29:40,976 : INFO : test_login : adding product 2
2024-09-08 17:31:16,225 : INFO : test_login : starting test on the initial login
2024-09-08 17:31:16,475 : INFO : test_login : logged in
2024-09-08 17:31:16,475 : INFO : test_login : now filtering products based on low to high(price)
2024-09-08 17:31:16,559 : INFO : test_login : adding product 1
2024-09-08 17:31:16,610 : INFO : test_login : adding product 2
2024-09-08 17:33:18,908 : INFO : test_login : starting test on the initial login
2024-09-08 17:33:19,300 : INFO : test_login : logged in
2024-09-08 17:33:19,300 : INFO : test_login : now filtering products based on low to high(price)
2024-09-08 17:33:19,399 : INFO : test_login : adding product 1
2024-09-08 17:33:19,480 : INFO : test_login : adding product 2
2024-09-08 23:05:31,891 : INFO : test_login : starting test on the initial login
2024-09-08 23:05:32,299 : INFO : test_login : logged in
2024-09-08 23:05:32,299 : INFO : test_login : now filtering products based on low to high(price)
2024-09-08 23:05:32,374 : INFO : test_login : adding product 1
2024-09-08 23:05:32,412 : INFO : test_login : adding product 2
2024-09-08 23:05:33,000 : INFO : test_login : now accessing cart!
2024-09-09 00:24:43,737 : INFO : test_login : starting test on the initial login
2024-09-09 00:24:43,997 : INFO : test_login : logged in
2024-09-09 00:24:43,999 : INFO : test_login : now filtering products based on low to high(price)
2024-09-09 00:24:44,087 : INFO : test_login : adding product 1
2024-09-09 00:24:44,135 : INFO : test_login : adding product 2
2024-09-09 00:24:44,749 : INFO : test_login : now accessing cart!
2024-09-09 12:02:38,387 : INFO : test_login : starting test on the initial login
2024-09-09 12:02:38,697 : INFO : test_login : logged in
2024-09-09 12:02:38,697 : INFO : test_login : now filtering products based on low to high(price)
2024-09-09 12:02:38,771 : INFO : test_login : adding product 1
2024-09-09 12:02:38,810 : INFO : test_login : adding product 2
2024-09-09 12:02:39,383 : INFO : test_login : now accessing cart!
2024-09-09 12:13:44,489 : INFO : test_login : starting test on the initial login
2024-09-09 12:13:44,741 : INFO : test_login : logged in
2024-09-09 12:13:44,741 : INFO : test_login : now filtering products based on low to high(price)
2024-09-09 12:13:44,813 : INFO : test_login : adding product 1
2024-09-09 12:13:44,850 : INFO : test_login : adding product 2
2024-09-09 12:13:45,440 : INFO : test_login : now accessing cart!
2024-09-09 12:13:46,074 : INFO : test_login : now filling out form to checkout
2024-09-09 12:13:47,002 : INFO : test_login : printing total: Total: $62.62
2024-09-09 12:13:47,069 : INFO : test_login : Your order has been dispatched, and will arrive just as fast as the pony can get there!
2024-09-09 12:23:29,947 : INFO : test_login : starting test on the initial login
2024-09-09 12:23:30,177 : INFO : test_login : logged in
2024-09-09 12:23:30,177 : INFO : test_login : now filtering products based on low to high(price)
2024-09-09 12:23:30,256 : INFO : test_login : adding product 1
2024-09-09 12:23:30,292 : INFO : test_login : adding product 2
2024-09-09 12:23:30,860 : INFO : test_login : now accessing cart!
2024-09-09 12:23:31,495 : INFO : test_login : now filling out form to checkout
2024-09-09 12:23:32,494 : INFO : test_login : printingTotal: $62.62
2024-09-09 12:23:32,570 : INFO : test_login : Your order has been dispatched, and will arrive just as fast as the pony can get there!
2024-09-09 12:24:12,418 : INFO : test_login : starting test on the initial login
2024-09-09 12:24:12,671 : INFO : test_login : logged in
2024-09-09 12:24:12,671 : INFO : test_login : now filtering products based on low to high(price)
2024-09-09 12:24:12,745 : INFO : test_login : adding product 1
2024-09-09 12:24:12,781 : INFO : test_login : adding product 2
2024-09-09 12:24:13,354 : INFO : test_login : now accessing cart!
2024-09-09 12:24:13,985 : INFO : test_login : now filling out form to checkout
2024-09-09 12:24:14,965 : INFO : test_login : printingTotal: $62.62
2024-09-09 12:24:15,032 : INFO : test_login : Your order has been dispatched, and will arrive just as fast as the pony can get there!
